  Algo_PSO.cpp
C:\Users\Cédric\Desktop\Cours_Master2\Opti_Combinatoire_Projet\Code Thomas\PSO\PSO\Algo_PSO.cpp(44,25): warning C4244: '=' : conversion de 'int' en '_Ty', perte possible de données
          with
          [
              _Ty=float
          ]
C:\Users\Cédric\Desktop\Cours_Master2\Opti_Combinatoire_Projet\Code Thomas\PSO\PSO\Algo_PSO.cpp(45,25): warning C4244: '=' : conversion de 'int' en '_Ty', perte possible de données
          with
          [
              _Ty=float
          ]
C:\Users\Cédric\Desktop\Cours_Master2\Opti_Combinatoire_Projet\Code Thomas\PSO\PSO\Algo_PSO.cpp(62,29): warning C4244: '=' : conversion de 'double' en '_Ty', perte possible de données
          with
          [
              _Ty=float
          ]
C:\Users\Cédric\Desktop\Cours_Master2\Opti_Combinatoire_Projet\Code Thomas\PSO\PSO\Algo_PSO.cpp(87,33): warning C4244: 'argument' : conversion de 'int' en '_Ty', perte possible de données
          with
          [
              _Ty=float
          ]
C:\Users\Cédric\Desktop\Cours_Master2\Opti_Combinatoire_Projet\Code Thomas\PSO\PSO\Algo_PSO.cpp(88,33): warning C4244: 'argument' : conversion de 'int' en '_Ty', perte possible de données
          with
          [
              _Ty=float
          ]
C:\Users\Cédric\Desktop\Cours_Master2\Opti_Combinatoire_Projet\Code Thomas\PSO\PSO\Algo_PSO.cpp(115,40): warning C4244: '=' : conversion de '_Ty' en '_Ty', perte possible de données
          with
          [
              _Ty=float
          ]
          and
          [
              _Ty=int
          ]
C:\Users\Cédric\Desktop\Cours_Master2\Opti_Combinatoire_Projet\Code Thomas\PSO\PSO\Algo_PSO.cpp(157,17): warning C4244: '=' : conversion de 'double' en 'float', perte possible de données
  PSO.cpp
  Génération de code en cours...
  PSO.vcxproj -> C:\Users\Cédric\Desktop\Cours_Master2\Opti_Combinatoire_Projet\Code Thomas\PSO\x64\Debug\PSO.exe
