  Algo_PSO.cpp
C:\Users\Cédric\Desktop\Cours_Master2\Opti_Combinatoire_Projet\Code\opticombi\V1\Algo_PSO.cpp(64,28): warning C4244: '=' : conversion de 'int' en 'float', perte possible de données
C:\Users\Cédric\Desktop\Cours_Master2\Opti_Combinatoire_Projet\Code\opticombi\V1\Algo_PSO.cpp(65,28): warning C4244: '=' : conversion de 'int' en 'float', perte possible de données
C:\Users\Cédric\Desktop\Cours_Master2\Opti_Combinatoire_Projet\Code\opticombi\V1\Algo_PSO.cpp(100,39): warning C4244: '=' : conversion de 'double' en 'float', perte possible de données
C:\Users\Cédric\Desktop\Cours_Master2\Opti_Combinatoire_Projet\Code\opticombi\V1\Algo_PSO.cpp(148,35): warning C4244: '=' : conversion de 'int' en 'float', perte possible de données
C:\Users\Cédric\Desktop\Cours_Master2\Opti_Combinatoire_Projet\Code\opticombi\V1\Algo_PSO.cpp(149,35): warning C4244: '=' : conversion de 'int' en 'float', perte possible de données
C:\Users\Cédric\Desktop\Cours_Master2\Opti_Combinatoire_Projet\Code\opticombi\V1\Algo_PSO.cpp(186,60): warning C4244: '=' : conversion de 'float' en 'int', perte possible de données
C:\Users\Cédric\Desktop\Cours_Master2\Opti_Combinatoire_Projet\Code\opticombi\V1\Algo_PSO.cpp(262,39): warning C4244: '=' : conversion de 'double' en 'float', perte possible de données
  Data.cpp
  Detection_Start_End.cpp
  LogiqueDeplacement.cpp
  LogiqueDeplacementVitesse.cpp
  Logique_Jeu.cpp
C:\Users\Cédric\Desktop\Cours_Master2\Opti_Combinatoire_Projet\Code\opticombi\V1\Logique_Jeu.cpp(24,10): warning C4101: 'dir' : variable locale non référencée
C:\Users\Cédric\Desktop\Cours_Master2\Opti_Combinatoire_Projet\Code\opticombi\V1\Logique_Jeu.cpp(57,9): warning C4101: 'deplacement_x' : variable locale non référencée
C:\Users\Cédric\Desktop\Cours_Master2\Opti_Combinatoire_Projet\Code\opticombi\V1\Logique_Jeu.cpp(57,24): warning C4101: 'deplacement_y' : variable locale non référencée
  LTRcreator.cpp
C:\Users\Cédric\Desktop\Cours_Master2\Opti_Combinatoire_Projet\Code\opticombi\V1\LTRcreator.cpp(10,48): warning C4267: 'initialisation' : conversion de 'size_t' en 'int', perte possible de données
  Main.cpp
  Parall.cpp
  Parseur.cpp
  sequenceToSVG.cpp
  Génération de code en cours...
  V1.vcxproj -> C:\Users\Cédric\Desktop\Cours_Master2\Opti_Combinatoire_Projet\Code\opticombi\x64\Debug\V1.exe
