c:\users\thoma\onedrive - haute ecole en hainaut\bureau\q1(2023-2024)\optimisation combinatoire\labo\opticombi\pso\pso\x64\debug\vc143.pdb
c:\users\thoma\onedrive - haute ecole en hainaut\bureau\q1(2023-2024)\optimisation combinatoire\labo\opticombi\pso\pso\x64\debug\vc143.idb
c:\users\thoma\onedrive - haute ecole en hainaut\bureau\q1(2023-2024)\optimisation combinatoire\labo\opticombi\pso\pso\x64\debug\sequencetosvg.obj
c:\users\thoma\onedrive - haute ecole en hainaut\bureau\q1(2023-2024)\optimisation combinatoire\labo\opticombi\pso\pso\x64\debug\parseur.obj
c:\users\thoma\onedrive - haute ecole en hainaut\bureau\q1(2023-2024)\optimisation combinatoire\labo\opticombi\pso\pso\x64\debug\parall.obj
c:\users\thoma\onedrive - haute ecole en hainaut\bureau\q1(2023-2024)\optimisation combinatoire\labo\opticombi\pso\pso\x64\debug\main.obj
c:\users\thoma\onedrive - haute ecole en hainaut\bureau\q1(2023-2024)\optimisation combinatoire\labo\opticombi\pso\pso\x64\debug\ltrcreator.obj
c:\users\thoma\onedrive - haute ecole en hainaut\bureau\q1(2023-2024)\optimisation combinatoire\labo\opticombi\pso\pso\x64\debug\logique_jeu.obj
c:\users\thoma\onedrive - haute ecole en hainaut\bureau\q1(2023-2024)\optimisation combinatoire\labo\opticombi\pso\pso\x64\debug\logiquedeplacementvitesse.obj
c:\users\thoma\onedrive - haute ecole en hainaut\bureau\q1(2023-2024)\optimisation combinatoire\labo\opticombi\pso\pso\x64\debug\identifierobstacle.obj
c:\users\thoma\onedrive - haute ecole en hainaut\bureau\q1(2023-2024)\optimisation combinatoire\labo\opticombi\pso\pso\x64\debug\detection_start_end.obj
c:\users\thoma\onedrive - haute ecole en hainaut\bureau\q1(2023-2024)\optimisation combinatoire\labo\opticombi\pso\pso\x64\debug\data.obj
c:\users\thoma\onedrive - haute ecole en hainaut\bureau\q1(2023-2024)\optimisation combinatoire\labo\opticombi\pso\pso\x64\debug\algo_pso.obj
c:\users\thoma\onedrive - haute ecole en hainaut\bureau\q1(2023-2024)\optimisation combinatoire\labo\opticombi\pso\pso\x64\debug\pso.ilk
c:\users\thoma\onedrive - haute ecole en hainaut\bureau\q1(2023-2024)\optimisation combinatoire\labo\opticombi\pso\x64\debug\pso.exe
c:\users\thoma\onedrive - haute ecole en hainaut\bureau\q1(2023-2024)\optimisation combinatoire\labo\opticombi\pso\x64\debug\pso.pdb
c:\users\thoma\onedrive - haute ecole en hainaut\bureau\q1(2023-2024)\optimisation combinatoire\labo\opticombi\pso\pso\x64\debug\algo_pso.nativecodeanalysis.xml
c:\users\thoma\onedrive - haute ecole en hainaut\bureau\q1(2023-2024)\optimisation combinatoire\labo\opticombi\pso\pso\x64\debug\data.nativecodeanalysis.xml
c:\users\thoma\onedrive - haute ecole en hainaut\bureau\q1(2023-2024)\optimisation combinatoire\labo\opticombi\pso\pso\x64\debug\detection_start_end.nativecodeanalysis.xml
c:\users\thoma\onedrive - haute ecole en hainaut\bureau\q1(2023-2024)\optimisation combinatoire\labo\opticombi\pso\pso\x64\debug\identifierobstacle.nativecodeanalysis.xml
c:\users\thoma\onedrive - haute ecole en hainaut\bureau\q1(2023-2024)\optimisation combinatoire\labo\opticombi\pso\pso\x64\debug\logiquedeplacementvitesse.nativecodeanalysis.xml
c:\users\thoma\onedrive - haute ecole en hainaut\bureau\q1(2023-2024)\optimisation combinatoire\labo\opticombi\pso\pso\x64\debug\logique_jeu.nativecodeanalysis.xml
c:\users\thoma\onedrive - haute ecole en hainaut\bureau\q1(2023-2024)\optimisation combinatoire\labo\opticombi\pso\pso\x64\debug\ltrcreator.nativecodeanalysis.xml
c:\users\thoma\onedrive - haute ecole en hainaut\bureau\q1(2023-2024)\optimisation combinatoire\labo\opticombi\pso\pso\x64\debug\main.nativecodeanalysis.xml
c:\users\thoma\onedrive - haute ecole en hainaut\bureau\q1(2023-2024)\optimisation combinatoire\labo\opticombi\pso\pso\x64\debug\parall.nativecodeanalysis.xml
c:\users\thoma\onedrive - haute ecole en hainaut\bureau\q1(2023-2024)\optimisation combinatoire\labo\opticombi\pso\pso\x64\debug\parseur.nativecodeanalysis.xml
c:\users\thoma\onedrive - haute ecole en hainaut\bureau\q1(2023-2024)\optimisation combinatoire\labo\opticombi\pso\pso\x64\debug\sequencetosvg.nativecodeanalysis.xml
c:\users\thoma\onedrive - haute ecole en hainaut\bureau\q1(2023-2024)\optimisation combinatoire\labo\opticombi\pso\pso\x64\debug\pso.tlog\cl.command.1.tlog
c:\users\thoma\onedrive - haute ecole en hainaut\bureau\q1(2023-2024)\optimisation combinatoire\labo\opticombi\pso\pso\x64\debug\pso.tlog\cl.read.1.tlog
c:\users\thoma\onedrive - haute ecole en hainaut\bureau\q1(2023-2024)\optimisation combinatoire\labo\opticombi\pso\pso\x64\debug\pso.tlog\cl.write.1.tlog
c:\users\thoma\onedrive - haute ecole en hainaut\bureau\q1(2023-2024)\optimisation combinatoire\labo\opticombi\pso\pso\x64\debug\pso.tlog\link.command.1.tlog
c:\users\thoma\onedrive - haute ecole en hainaut\bureau\q1(2023-2024)\optimisation combinatoire\labo\opticombi\pso\pso\x64\debug\pso.tlog\link.read.1.tlog
c:\users\thoma\onedrive - haute ecole en hainaut\bureau\q1(2023-2024)\optimisation combinatoire\labo\opticombi\pso\pso\x64\debug\pso.tlog\link.write.1.tlog
