  Algo_PSO.cpp
C:\Users\Thoma\OneDrive - Haute Ecole en Hainaut\Bureau\Q1(2023-2024)\Optimisation Combinatoire\Labo\opticombi\PSO\PSO\Algo_PSO.cpp(77,28): warning C4244: '=' : conversion de 'int' en 'float', perte possible de données
C:\Users\Thoma\OneDrive - Haute Ecole en Hainaut\Bureau\Q1(2023-2024)\Optimisation Combinatoire\Labo\opticombi\PSO\PSO\Algo_PSO.cpp(78,28): warning C4244: '=' : conversion de 'int' en 'float', perte possible de données
C:\Users\Thoma\OneDrive - Haute Ecole en Hainaut\Bureau\Q1(2023-2024)\Optimisation Combinatoire\Labo\opticombi\PSO\PSO\Algo_PSO.cpp(102,72): warning C4553: '==' : résultat de l'expression non utilisé ; souhaitiez-vous utiliser '=' ?
C:\Users\Thoma\OneDrive - Haute Ecole en Hainaut\Bureau\Q1(2023-2024)\Optimisation Combinatoire\Labo\opticombi\PSO\PSO\Algo_PSO.cpp(125,39): warning C4244: '=' : conversion de 'double' en 'float', perte possible de données
C:\Users\Thoma\OneDrive - Haute Ecole en Hainaut\Bureau\Q1(2023-2024)\Optimisation Combinatoire\Labo\opticombi\PSO\PSO\Algo_PSO.cpp(175,35): warning C4244: '=' : conversion de 'int' en 'float', perte possible de données
C:\Users\Thoma\OneDrive - Haute Ecole en Hainaut\Bureau\Q1(2023-2024)\Optimisation Combinatoire\Labo\opticombi\PSO\PSO\Algo_PSO.cpp(176,35): warning C4244: '=' : conversion de 'int' en 'float', perte possible de données
C:\Users\Thoma\OneDrive - Haute Ecole en Hainaut\Bureau\Q1(2023-2024)\Optimisation Combinatoire\Labo\opticombi\PSO\PSO\Algo_PSO.cpp(205,99): warning C4553: '==' : résultat de l'expression non utilisé ; souhaitiez-vous utiliser '=' ?
C:\Users\Thoma\OneDrive - Haute Ecole en Hainaut\Bureau\Q1(2023-2024)\Optimisation Combinatoire\Labo\opticombi\PSO\PSO\Algo_PSO.cpp(226,60): warning C4244: '=' : conversion de 'float' en 'int', perte possible de données
C:\Users\Thoma\OneDrive - Haute Ecole en Hainaut\Bureau\Q1(2023-2024)\Optimisation Combinatoire\Labo\opticombi\PSO\PSO\Algo_PSO.cpp(283,39): warning C4244: '=' : conversion de 'double' en 'float', perte possible de données
  Data.cpp
  Detection_Start_End.cpp
  IdentifierObstacle.cpp
  LTRcreator.cpp
C:\Users\Thoma\OneDrive - Haute Ecole en Hainaut\Bureau\Q1(2023-2024)\Optimisation Combinatoire\Labo\opticombi\PSO\PSO\LTRcreator.cpp(10,48): warning C4267: 'initialisation' : conversion de 'size_t' en 'int', perte possible de données
  Logique_Jeu.cpp
C:\Users\Thoma\OneDrive - Haute Ecole en Hainaut\Bureau\Q1(2023-2024)\Optimisation Combinatoire\Labo\opticombi\PSO\PSO\Logique_Jeu.cpp(24,10): warning C4101: 'dir' : variable locale non référencée
C:\Users\Thoma\OneDrive - Haute Ecole en Hainaut\Bureau\Q1(2023-2024)\Optimisation Combinatoire\Labo\opticombi\PSO\PSO\Logique_Jeu.cpp(57,9): warning C4101: 'deplacement_x' : variable locale non référencée
C:\Users\Thoma\OneDrive - Haute Ecole en Hainaut\Bureau\Q1(2023-2024)\Optimisation Combinatoire\Labo\opticombi\PSO\PSO\Logique_Jeu.cpp(57,24): warning C4101: 'deplacement_y' : variable locale non référencée
  Main.cpp
C:\Users\Thoma\OneDrive - Haute Ecole en Hainaut\Bureau\Q1(2023-2024)\Optimisation Combinatoire\Labo\opticombi\PSO\PSO\Main.cpp(37,25): warning C4244: '=' : conversion de 'double' en 'int', perte possible de données
  Parall.cpp
C:\Users\Thoma\OneDrive - Haute Ecole en Hainaut\Bureau\Q1(2023-2024)\Optimisation Combinatoire\Labo\opticombi\PSO\PSO\Parall.cpp(29,111): warning C4553: '==' : résultat de l'expression non utilisé ; souhaitiez-vous utiliser '=' ?
C:\Users\Thoma\OneDrive - Haute Ecole en Hainaut\Bureau\Q1(2023-2024)\Optimisation Combinatoire\Labo\opticombi\PSO\PSO\Parall.cpp(80,107): warning C4553: '==' : résultat de l'expression non utilisé ; souhaitiez-vous utiliser '=' ?
  Parseur.cpp
  sequenceToSVG.cpp
  Génération de code en cours...
  PSO.vcxproj -> C:\Users\Thoma\OneDrive - Haute Ecole en Hainaut\Bureau\Q1(2023-2024)\Optimisation Combinatoire\Labo\opticombi\PSO\x64\Debug\PSO.exe
